0 info it worked if it ends with ok
1 verbose cli [ '/usr/bin/node', '/usr/bin/npm', 'i', 'node-express', '--save' ]
2 info using npm@2.15.11
3 info using node@v4.8.4
4 verbose install initial load of /run/media/charles/Charles_Data/NameItLater/BootCamp/Reference/Submitted_Assignments/ScrappyScraper/package.json
5 warn package.json ScrappyScraper@1.0.0 No description
6 verbose readDependencies loading dependencies from /run/media/charles/Charles_Data/NameItLater/BootCamp/Reference/Submitted_Assignments/ScrappyScraper/package.json
7 silly cache add args [ 'node-express', null ]
8 verbose cache add spec node-express
9 silly cache add parsed spec Result {
9 silly cache add   raw: 'node-express',
9 silly cache add   scope: null,
9 silly cache add   name: 'node-express',
9 silly cache add   rawSpec: '',
9 silly cache add   spec: 'latest',
9 silly cache add   type: 'tag' }
10 silly addNamed node-express@latest
11 verbose addNamed "latest" is being treated as a dist-tag for node-express
12 info addNameTag [ 'node-express', 'latest' ]
13 silly mapToRegistry name node-express
14 silly mapToRegistry using default registry
15 silly mapToRegistry registry https://registry.npmjs.org/
16 silly mapToRegistry data Result {
16 silly mapToRegistry   raw: 'node-express',
16 silly mapToRegistry   scope: null,
16 silly mapToRegistry   name: 'node-express',
16 silly mapToRegistry   rawSpec: '',
16 silly mapToRegistry   spec: 'latest',
16 silly mapToRegistry   type: 'tag' }
17 silly mapToRegistry uri https://registry.npmjs.org/node-express
18 verbose addNameTag registry:https://registry.npmjs.org/node-express not in flight; fetching
19 verbose request uri https://registry.npmjs.org/node-express
20 verbose request no auth needed
21 info attempt registry request try #1 at 8:05:13 AM
22 verbose request id c852ba9a94629d41
23 http request GET https://registry.npmjs.org/node-express
24 http 404 https://registry.npmjs.org/node-express
25 verbose headers { 'content-type': 'application/json',
25 verbose headers   'cache-control': 'max-age=0',
25 verbose headers   'content-length': '2',
25 verbose headers   'accept-ranges': 'bytes',
25 verbose headers   date: 'Sat, 07 Apr 2018 12:05:13 GMT',
25 verbose headers   via: '1.1 varnish',
25 verbose headers   connection: 'keep-alive',
25 verbose headers   'x-served-by': 'cache-pdk17827-PDK',
25 verbose headers   'x-cache': 'MISS',
25 verbose headers   'x-cache-hits': '0',
25 verbose headers   'x-timer': 'S1523102713.318963,VS0,VE548',
25 verbose headers   vary: 'Accept-Encoding' }
26 silly get cb [ 404,
26 silly get   { 'content-type': 'application/json',
26 silly get     'cache-control': 'max-age=0',
26 silly get     'content-length': '2',
26 silly get     'accept-ranges': 'bytes',
26 silly get     date: 'Sat, 07 Apr 2018 12:05:13 GMT',
26 silly get     via: '1.1 varnish',
26 silly get     connection: 'keep-alive',
26 silly get     'x-served-by': 'cache-pdk17827-PDK',
26 silly get     'x-cache': 'MISS',
26 silly get     'x-cache-hits': '0',
26 silly get     'x-timer': 'S1523102713.318963,VS0,VE548',
26 silly get     vary: 'Accept-Encoding' } ]
27 verbose stack Error: Registry returned 404 for GET on https://registry.npmjs.org/node-express
27 verbose stack     at makeError (/usr/lib/node_modules/npm/node_modules.bundled/npm-registry-client/lib/request.js:302:12)
27 verbose stack     at CachingRegistryClient.<anonymous> (/usr/lib/node_modules/npm/node_modules.bundled/npm-registry-client/lib/request.js:280:14)
27 verbose stack     at Request._callback (/usr/lib/node_modules/npm/node_modules.bundled/npm-registry-client/lib/request.js:210:14)
27 verbose stack     at Request.self.callback (/usr/lib/node_modules/npm/node_modules.bundled/request/request.js:187:22)
27 verbose stack     at emitTwo (events.js:87:13)
27 verbose stack     at Request.emit (events.js:172:7)
27 verbose stack     at Request.<anonymous> (/usr/lib/node_modules/npm/node_modules.bundled/request/request.js:1044:10)
27 verbose stack     at emitOne (events.js:77:13)
27 verbose stack     at Request.emit (events.js:169:7)
27 verbose stack     at IncomingMessage.<anonymous> (/usr/lib/node_modules/npm/node_modules.bundled/request/request.js:965:12)
28 verbose statusCode 404
29 verbose pkgid node-express
30 verbose cwd /run/media/charles/Charles_Data/NameItLater/BootCamp/Reference/Submitted_Assignments/ScrappyScraper
31 error Linux 4.11.12-100.fc24.x86_64
32 error argv "/usr/bin/node" "/usr/bin/npm" "i" "node-express" "--save"
33 error node v4.8.4
34 error npm  v2.15.11
35 error code E404
36 error 404 Registry returned 404 for GET on https://registry.npmjs.org/node-express
36 error 404
36 error 404 'node-express' is not in the npm registry.
36 error 404 You should bug the author to publish it (or use the name yourself!)
36 error 404 It was specified as a dependency of 'ScrappyScraper'
36 error 404
36 error 404 Note that you can also install from a
36 error 404 tarball, folder, http url, or git url.
37 verbose exit [ 1, true ]
